<?xml version="1.0" encoding="UTF-8"?>
<testsuite name="com.kodilla.sudoku.SudokuTestSuite" tests="1" skipped="0" failures="0" errors="0" timestamp="2018-10-05T08:17:52" hostname="MacBook-Air-Mateusz.local" time="0.034">
  <properties/>
  <testcase name="SudokuBoardSetElementTest" classname="com.kodilla.sudoku.SudokuTestSuite" time="0.034"/>
  <system-out><![CDATA[-------------------------------------------------------
|     |     |     |  2  |     |     |     |     |  3  |
|-----------------------------------------------------|
|     |  7  |     |     |  9  |     |  2  |     |     |
|-----------------------------------------------------|
|     |  6  |  1  |  5  |  8  |     |     |  4  |  9  |
|-----------------------------------------------------|
|  8  |     |     |     |     |  4  |     |     |  1  |
|-----------------------------------------------------|
|     |     |     |     |     |     |     |     |     |
|-----------------------------------------------------|
|  7  |     |     |  8  |     |     |     |     |  4  |
|-----------------------------------------------------|
|  5  |  9  |     |     |  7  |  8  |  3  |  1  |     |
|-----------------------------------------------------|
|     |     |  4  |     |  3  |     |     |  5  |     |
|-----------------------------------------------------|
|  6  |     |     |     |     |  1  |     |     |     |
-------------------------------------------------------

-------------------------------------------------------
|  9  |  5  |  8  |  2  |  4  |  7  |  1  |  6  |  3  |
|-----------------------------------------------------|
|  4  |  7  |  3  |  1  |  9  |  6  |  2  |  8  |  5  |
|-----------------------------------------------------|
|  2  |  6  |  1  |  5  |  8  |  3  |  7  |  4  |  9  |
|-----------------------------------------------------|
|  8  |  2  |  9  |  3  |  6  |  4  |  5  |  7  |  1  |
|-----------------------------------------------------|
|  3  |  4  |  6  |  7  |  1  |  5  |  8  |  9  |  2  |
|-----------------------------------------------------|
|  7  |  1  |  5  |  8  |  2  |  9  |  6  |  3  |  4  |
|-----------------------------------------------------|
|  5  |  9  |  2  |  4  |  7  |  8  |  3  |  1  |  6  |
|-----------------------------------------------------|
|  1  |  8  |  4  |  6  |  3  |  2  |  9  |  5  |  7  |
|-----------------------------------------------------|
|  6  |  3  |  7  |  9  |  5  |  1  |  4  |  2  |  8  |
-------------------------------------------------------

]]></system-out>
  <system-err><![CDATA[]]></system-err>
</testsuite>
