<?xml version="1.0" encoding="UTF-8"?>
<testsuite name="com.kodilla.stream.array.ArrayOperationsTestSuite" tests="1" skipped="0" failures="0" errors="0" timestamp="2018-07-10T07:24:46" hostname="MacBook-Air-Mateusz.local" time="0.075">
  <properties/>
  <testcase name="testGetAverage" classname="com.kodilla.stream.array.ArrayOperationsTestSuite" time="0.075"/>
  <system-out><![CDATA[5
4
3
2
1
]]></system-out>
  <system-err><![CDATA[]]></system-err>
</testsuite>
