<?xml version="1.0" encoding="UTF-8"?>
<testsuite name="com.kodilla.stream.forum.ForumUserTestSuite" tests="2" skipped="0" failures="0" errors="0" timestamp="2018-10-08T12:50:42" hostname="MacBook-Air-Mateusz.local" time="0.045">
  <properties/>
  <testcase name="testGetLocationsOfFriendsOfFriends" classname="com.kodilla.stream.forum.ForumUserTestSuite" time="0.026"/>
  <testcase name="testGetLocationOfFriends" classname="com.kodilla.stream.forum.ForumUserTestSuite" time="0.019"/>
  <system-out><![CDATA[]]></system-out>
  <system-err><![CDATA[]]></system-err>
</testsuite>
