<?xml version="1.0" encoding="UTF-8"?>
<testsuite name="com.kodilla.testing.forum.ForumTestSuite" tests="2" skipped="0" failures="0" errors="0" timestamp="2018-07-10T07:24:51" hostname="MacBook-Air-Mateusz.local" time="0.033">
  <properties/>
  <testcase name="testCaseRealName" classname="com.kodilla.testing.forum.ForumTestSuite" time="0.02"/>
  <testcase name="testCaseUsername" classname="com.kodilla.testing.forum.ForumTestSuite" time="0.013"/>
  <system-out><![CDATA[Test Suite: begin
Test Case: begin
TestingJohn Smith
Test Case: end
Test Case: begin
TestingtheForumUser
Test Case: end
Test Suite: end
]]></system-out>
  <system-err><![CDATA[]]></system-err>
</testsuite>
