<?xml version="1.0" encoding="UTF-8"?>
<testsuite name="com.kodilla.testing.collection.CollectionTestSuite" tests="2" skipped="0" failures="0" errors="0" timestamp="2018-05-16T08:01:00" hostname="MacBook-Air-Mateusz.local" time="0.006">
  <properties/>
  <testcase name="testOddNumbersExterminatorEmptyList" classname="com.kodilla.testing.collection.CollectionTestSuite" time="0.004"/>
  <testcase name="testOddNumbersExterminatorNormalList" classname="com.kodilla.testing.collection.CollectionTestSuite" time="0.001"/>
  <system-out><![CDATA[Test suite: Begin
Test case: Begin
Test case: End
Test case: Begin
Test case: End
Test suite: End
]]></system-out>
  <system-err><![CDATA[]]></system-err>
</testsuite>
