<?xml version="1.0" encoding="UTF-8"?>
<testsuite name="com.kodilla.testing.shape.ShapeCollectorTestSuite" tests="3" skipped="0" failures="0" errors="0" timestamp="2018-07-10T07:24:50" hostname="MacBook-Air-Mateusz.local" time="0.01">
  <properties/>
  <testcase name="testRemoveFigure" classname="com.kodilla.testing.shape.ShapeCollectorTestSuite" time="0.005"/>
  <testcase name="testAddFigure" classname="com.kodilla.testing.shape.ShapeCollectorTestSuite" time="0.002"/>
  <testcase name="testGetFigure" classname="com.kodilla.testing.shape.ShapeCollectorTestSuite" time="0.002"/>
  <system-out><![CDATA[The beginning of tests
Executing test #1
Executing test #2
Executing test #3
The end of tests
]]></system-out>
  <system-err><![CDATA[]]></system-err>
</testsuite>
