<?xml version="1.0" encoding="UTF-8"?>
<testsuite name="com.kodilla.patterns.prototype.library.LibraryTestSuite" tests="1" skipped="0" failures="0" errors="0" timestamp="2018-10-08T12:50:19" hostname="MacBook-Air-Mateusz.local" time="0.09">
  <properties/>
  <testcase name="testGetBooks" classname="com.kodilla.patterns.prototype.library.LibraryTestSuite" time="0.09"/>
  <system-out><![CDATA[com.kodilla.patterns.prototype.library.Library@2f753d2
com.kodilla.patterns.prototype.library.Library@4f35aafc
]]></system-out>
  <system-err><![CDATA[]]></system-err>
</testsuite>
