<?xml version="1.0" encoding="UTF-8"?>
<testsuite name="com.kodilla.patterns.strategy.social.UserTestSuite" tests="2" skipped="0" failures="0" errors="0" timestamp="2018-07-10T07:24:38" hostname="MacBook-Air-Mateusz.local" time="0.011">
  <properties/>
  <testcase name="testDefaultSharingStrategies" classname="com.kodilla.patterns.strategy.social.UserTestSuite" time="0.006"/>
  <testcase name="testIndividualSharingStrategy" classname="com.kodilla.patterns.strategy.social.UserTestSuite" time="0.003"/>
  <system-out><![CDATA[Snapchat
Facebook
Twitter
Snapchat
Twitter
]]></system-out>
  <system-err><![CDATA[]]></system-err>
</testsuite>
