<?xml version="1.0" encoding="UTF-8"?>
<testsuite name="com.kodilla.patterns.strategy.social.UserTestSuite" tests="2" skipped="0" failures="0" errors="0" timestamp="2018-10-08T12:50:20" hostname="MacBook-Air-Mateusz.local" time="0.025">
  <properties/>
  <testcase name="testDefaultSharingStrategies" classname="com.kodilla.patterns.strategy.social.UserTestSuite" time="0.021"/>
  <testcase name="testIndividualSharingStrategy" classname="com.kodilla.patterns.strategy.social.UserTestSuite" time="0.001"/>
  <system-out><![CDATA[Snapchat
Facebook
Twitter
Snapchat
Twitter
]]></system-out>
  <system-err><![CDATA[]]></system-err>
</testsuite>
