<?xml version="1.0" encoding="UTF-8"?>
<testsuite name="com.kodilla.jdbc.StoredProcTestSuite" tests="2" skipped="0" failures="0" errors="0" timestamp="2018-10-05T08:17:30" hostname="MacBook-Air-Mateusz.local" time="0.236">
  <properties/>
  <testcase name="testUpdateBestsellers" classname="com.kodilla.jdbc.StoredProcTestSuite" time="0.188"/>
  <testcase name="testUpdateVipLevels" classname="com.kodilla.jdbc.StoredProcTestSuite" time="0.048"/>
  <system-out><![CDATA[]]></system-out>
  <system-err><![CDATA[]]></system-err>
</testsuite>
